<?xml version="1.0" encoding="UTF-8"?>
<!-- Generated by org.testng.reporters.JUnitXMLReporter -->
<testsuite ignored="0" hostname="WFH_Kamlesh" failures="0" tests="17" name="Test" time="92.712" errors="0" timestamp="2020-04-12T17:45:11 IST">
  <testcase classname="MyTests.GoogleTest" name="googleTitleTest" time="0.008"/>
  <testcase classname="MyTests.GoogleTest" name="googleEmailLinkTest" time="0.037"/>
  <testcase classname="MyTests.GoogleTest" name="googleLogoTest" time="0.027"/>
  <testcase classname="MyTests.GoogleTest" name="TC1" time="0.001"/>
  <testcase classname="MyTests.GoogleTest" name="TC2" time="0.001"/>
  <testcase classname="MyTests.GoogleTitleTest" name="googleLogoTest" time="0.026"/>
  <testcase classname="MyTests.GoogleTitleTest" name="googleTitleTest" time="0.005"/>
  <testcase classname="MyTests.InvocationCoutTest" name="sum" time="0.001"/>
  <testcase classname="MyTests.InvocationCoutTest" name="sum" time="0.001"/>
  <testcase classname="MyTests.InvocationCoutTest" name="sum" time="0.0"/>
  <testcase classname="MyTests.InvocationCoutTest" name="sum" time="0.0"/>
  <testcase classname="MyTests.InvocationCoutTest" name="sum" time="0.001"/>
  <testcase classname="MyTests.InvocationCoutTest" name="sum" time="0.0"/>
  <testcase classname="MyTests.InvocationCoutTest" name="sum" time="0.0"/>
  <testcase classname="MyTests.InvocationCoutTest" name="sum" time="0.0"/>
  <testcase classname="MyTests.InvocationCoutTest" name="sum" time="0.0"/>
  <testcase classname="MyTests.InvocationCoutTest" name="sum" time="0.001"/>
</testsuite> <!-- Test -->
