<?xml version="1.0" encoding="UTF-8"?>
<!-- Generated by org.testng.reporters.JUnitXMLReporter -->
<testsuite ignored="0" hostname="WFH_Kamlesh" failures="0" tests="3" name="Default test" time="151.329" errors="0" timestamp="2020-03-31T12:31:30 IST">
  <testcase classname="com.usm.qa.testcases.NewStonePageTest" name="validateCreateNewStone" time="12.082"/>
  <testcase classname="com.usm.qa.testcases.NewStonePageTest" name="validateCreateNewStone" time="16.684"/>
  <testcase classname="com.usm.qa.testcases.NewStonePageTest" name="validateCreateNewStone" time="26.074"/>
</testsuite> <!-- Default test -->
