<?xml version="1.0" encoding="UTF-8"?>
<!-- Generated by org.testng.reporters.JUnitXMLReporter -->
<testsuite ignored="0" hostname="WFH_Kamlesh" failures="0" tests="6" name="PMRegression" time="192.663" errors="0" timestamp="2020-05-16T18:34:39 IST">
  <testcase classname="com.pm.qa.testcases.LoginPageTest" name="verifyCorrectLogin" time="3.692"/>
  <testcase classname="com.pm.qa.testcases.LoginPageTest" name="verifyInCorrectLogin" time="0.957"/>
  <testcase classname="com.pm.qa.testcases.NewProgramPageTest" name="verifyCreateNewProgram" time="29.795"/>
  <testcase classname="com.pm.qa.testcases.HomePageTest" name="verifySearchByProgramName" time="7.558"/>
  <testcase classname="com.pm.qa.testcases.HomePageTest" name="verifyEditProgram" time="44.993"/>
  <testcase classname="com.pm.qa.testcases.HomePageTest" name="verifyDeleteProgram" time="21.901"/>
</testsuite> <!-- PMRegression -->
