<?xml version="1.0" encoding="UTF-8"?>
<!-- Generated by org.testng.reporters.JUnitXMLReporter -->
<testsuite ignored="2" hostname="WFH_Kamlesh" failures="0" tests="1" name="Default test" time="37.002" errors="0" timestamp="2020-05-15T19:39:51 IST">
  <testcase classname="com.pm.qa.testcases.HomePageTest" name="verifyEditProgram" time="21.802"/>
  <testcase classname="com.pm.qa.testcases.HomePageTest" name="verifySearchByProgramName" time="0.0">
    <ignored/>
  </testcase> <!-- verifySearchByProgramName -->
  <testcase classname="com.pm.qa.testcases.HomePageTest" name="verifyDeleteProgram" time="0.0">
    <ignored/>
  </testcase> <!-- verifyDeleteProgram -->
</testsuite> <!-- Default test -->
