<?xml version="1.0" encoding="UTF-8"?>
<!-- Generated by org.testng.reporters.JUnitXMLReporter -->
<testsuite ignored="2" hostname="WFH_Kamlesh" failures="0" tests="1" name="Default test" time="148.861" errors="0" timestamp="2020-05-16T13:32:15 IST">
  <testcase classname="com.pm.qa.testcases.HomePageTest" name="verifyEditProgram" time="54.693"/>
  <testcase classname="com.pm.qa.testcases.HomePageTest" name="verifySearchByProgramName" time="0.0">
    <ignored/>
  </testcase> <!-- verifySearchByProgramName -->
  <testcase classname="com.pm.qa.testcases.HomePageTest" name="verifyDeleteProgram" time="0.0">
    <ignored/>
  </testcase> <!-- verifyDeleteProgram -->
</testsuite> <!-- Default test -->
