<?xml version="1.0" encoding="UTF-8"?>
<!-- Generated by org.testng.reporters.JUnitXMLReporter -->
<testsuite ignored="0" hostname="WFH_Kamlesh" failures="0" tests="5" name="Default test" time="39.812" errors="0" timestamp="2020-04-25T16:29:49 IST">
  <testcase classname="MyTests.UsingWebDriverManager" name="googleTitleTest" time="0.006"/>
  <testcase classname="MyTests.UsingWebDriverManager" name="googleEmailLinkTest" time="0.033"/>
  <testcase classname="MyTests.UsingWebDriverManager" name="googleLogoTest" time="0.024"/>
  <testcase classname="MyTests.UsingWebDriverManager" name="TC1" time="0.002"/>
  <testcase classname="MyTests.UsingWebDriverManager" name="TC2" time="0.003"/>
</testsuite> <!-- Default test -->
