<?xml version="1.0" encoding="UTF-8"?>
<!-- Generated by org.testng.reporters.JUnitXMLReporter -->
<testsuite ignored="0" hostname="WFH_Kamlesh" failures="2" tests="6" name="RetryFailedTestSuites" time="11.74" errors="0" timestamp="2020-04-13T17:59:12 IST">
  <testcase classname="MyTests.RetryLogic_RunTime" name="googleLogoTest" time="0.036">
    <skipped/>
  </testcase> <!-- googleLogoTest -->
  <testcase classname="MyTests.RetryLogic_RunTime" name="googleLogoTest" time="0.024">
    <skipped/>
  </testcase> <!-- googleLogoTest -->
  <testcase classname="MyTests.RetryLogic_RunTime" name="googleLogoTest" time="0.018">
    <failure type="java.lang.AssertionError" message="expected [false] but found [true]">
      <![CDATA[java.lang.AssertionError: expected [false] but found [true]
at MyTests.RetryLogic_RunTime.googleLogoTest(RetryLogic_RunTime.java:43)
at java.base/java.util.ArrayList.forEach(ArrayList.java:1510)
... Removed 32 stack frames]]>
    </failure>
  </testcase> <!-- googleLogoTest -->
  <testcase classname="MyTests.RetryLogic_RunTime" name="googleTitleTest" time="0.004">
    <skipped/>
  </testcase> <!-- googleTitleTest -->
  <testcase classname="MyTests.RetryLogic_RunTime" name="googleTitleTest" time="0.004">
    <skipped/>
  </testcase> <!-- googleTitleTest -->
  <testcase classname="MyTests.RetryLogic_RunTime" name="googleTitleTest" time="0.004">
    <failure type="java.lang.AssertionError" message="expected [false] but found [true]">
      <![CDATA[java.lang.AssertionError: expected [false] but found [true]
at MyTests.RetryLogic_RunTime.googleTitleTest(RetryLogic_RunTime.java:35)
at java.base/java.util.ArrayList.forEach(ArrayList.java:1510)
... Removed 32 stack frames]]>
    </failure>
  </testcase> <!-- googleTitleTest -->
</testsuite> <!-- RetryFailedTestSuites -->
