<?xml version="1.0" encoding="UTF-8"?>
<!-- Generated by org.testng.reporters.JUnitXMLReporter -->
<testsuite ignored="0" hostname="WFH_Kamlesh" failures="0" tests="17" name="Test" time="82.826" errors="0" timestamp="2020-04-12T15:10:25 IST">
  <testcase classname="MyTests.GoogleTest" name="googleTitleTest" time="0.007"/>
  <testcase classname="MyTests.GoogleTest" name="googleEmailLinkTest" time="0.034"/>
  <testcase classname="MyTests.GoogleTest" name="googleLogoTest" time="0.026"/>
  <testcase classname="MyTests.GoogleTest" name="TC1" time="0.001"/>
  <testcase classname="MyTests.GoogleTest" name="TC2" time="0.001"/>
  <testcase classname="MyTests.GoogleTitleTest" name="googleLogoTest" time="0.026"/>
  <testcase classname="MyTests.GoogleTitleTest" name="googleTitleTest" time="0.004"/>
  <testcase classname="MyTests.InvocationCoutTest" name="sum" time="0.002"/>
  <testcase classname="MyTests.InvocationCoutTest" name="sum" time="0.001"/>
  <testcase classname="MyTests.InvocationCoutTest" name="sum" time="0.001"/>
  <testcase classname="MyTests.InvocationCoutTest" name="sum" time="0.0"/>
  <testcase classname="MyTests.InvocationCoutTest" name="sum" time="0.0"/>
  <testcase classname="MyTests.InvocationCoutTest" name="sum" time="0.001"/>
  <testcase classname="MyTests.InvocationCoutTest" name="sum" time="0.0"/>
  <testcase classname="MyTests.InvocationCoutTest" name="sum" time="0.0"/>
  <testcase classname="MyTests.InvocationCoutTest" name="sum" time="0.001"/>
  <testcase classname="MyTests.InvocationCoutTest" name="sum" time="0.0"/>
</testsuite> <!-- Test -->
