<?xml version="1.0" encoding="UTF-8"?>
<!-- Generated by org.testng.reporters.JUnitXMLReporter -->
<testsuite ignored="0" hostname="WFH_Kamlesh" failures="0" tests="15" name="TestNewUSM" time="316.436" errors="0" timestamp="2020-03-31T11:33:31 IST">
  <testcase classname="com.usm.qa.testcases.LoginPageTest" name="loginPageTitleTest" time="3.012"/>
  <testcase classname="com.usm.qa.testcases.LoginPageTest" name="VerifySarinelogo" time="4.592"/>
  <testcase classname="com.usm.qa.testcases.LoginPageTest" name="loginTest" time="4.405"/>
  <testcase classname="com.usm.qa.testcases.LoginPageTest" name="loginTestBoolean" time="4.308"/>
  <testcase classname="com.usm.qa.testcases.HomePageTest" name="verifyHomePageTitle" time="0.005"/>
  <testcase classname="com.usm.qa.testcases.HomePageTest" name="verifyuserName" time="2.119"/>
  <testcase classname="com.usm.qa.testcases.HomePageTest" name="verifyuserNameDisplay" time="1.997"/>
  <testcase classname="com.usm.qa.testcases.HomePageTest" name="verifyarchivePageTitle" time="1.377"/>
  <testcase classname="com.usm.qa.testcases.StonesPageTest" name="verifyAdvancedFilterLink" time="2.431"/>
  <testcase classname="com.usm.qa.testcases.StonesPageTest" name="verifyNewButtonLink" time="2.384"/>
  <testcase classname="com.usm.qa.testcases.StonesPageTest" name="verifyOrderLink" time="3.807"/>
  <testcase classname="com.usm.qa.testcases.StonesPageTest" name="verifyExportButtonLink" time="2.888"/>
  <testcase classname="com.usm.qa.testcases.StonesPageTest" name="verifyClearButton" time="2.72"/>
  <testcase classname="com.usm.qa.testcases.StonesGridTest" name="verifySelectAllPageCheckbox" time="2.272"/>
  <testcase classname="com.usm.qa.testcases.StonesGridTest" name="verifyClickSelectAllPageCheckbox" time="38.006"/>
</testsuite> <!-- TestNewUSM -->
